<?xml version="1.0" encoding="UTF-8"?>
<testng-results ignored="0" total="1" passed="1" failed="0" skipped="0">
  <reporter-output>
  </reporter-output>
  <suite started-at="2022-09-19T11:29:49 IST" name="Default suite" finished-at="2022-09-19T11:32:02 IST" duration-ms="132744">
    <groups>
    </groups>
    <test started-at="2022-09-19T11:29:49 IST" name="Default test" finished-at="2022-09-19T11:32:02 IST" duration-ms="132744">
      <class name="org.tyss.flipkart_mobileApplication.AddToCartMobileApp">
        <test-method is-config="true" signature="beforeSuitMethod()[pri:0, instance:org.tyss.flipkart_mobileApplication.AddToCartMobileApp@29d80d2b]" started-at="2022-09-19T11:29:49 IST" name="beforeSuitMethod" finished-at="2022-09-19T11:29:49 IST" duration-ms="14" status="PASS">
          <reporter-output>
          </reporter-output>
        </test-method> <!-- beforeSuitMethod -->
        <test-method is-config="true" signature="beforeTestMethod()[pri:0, instance:org.tyss.flipkart_mobileApplication.AddToCartMobileApp@29d80d2b]" started-at="2022-09-19T11:29:49 IST" name="beforeTestMethod" finished-at="2022-09-19T11:29:49 IST" duration-ms="3" status="PASS">
          <reporter-output>
          </reporter-output>
        </test-method> <!-- beforeTestMethod -->
        <test-method is-config="true" signature="beforeClassMethod()[pri:0, instance:org.tyss.flipkart_mobileApplication.AddToCartMobileApp@29d80d2b]" started-at="2022-09-19T11:29:49 IST" name="beforeClassMethod" finished-at="2022-09-19T11:29:49 IST" duration-ms="3" status="PASS">
          <reporter-output>
          </reporter-output>
        </test-method> <!-- beforeClassMethod -->
        <test-method is-config="true" signature="beforeMethod()[pri:0, instance:org.tyss.flipkart_mobileApplication.AddToCartMobileApp@29d80d2b]" started-at="2022-09-19T11:29:49 IST" name="beforeMethod" finished-at="2022-09-19T11:30:03 IST" duration-ms="14263" status="PASS">
          <reporter-output>
          </reporter-output>
        </test-method> <!-- beforeMethod -->
        <test-method signature="addToCartMobileApp()[pri:0, instance:org.tyss.flipkart_mobileApplication.AddToCartMobileApp@29d80d2b]" started-at="2022-09-19T11:30:03 IST" name="addToCartMobileApp" finished-at="2022-09-19T11:32:02 IST" duration-ms="118416" status="PASS">
          <reporter-output>
          </reporter-output>
        </test-method> <!-- addToCartMobileApp -->
        <test-method is-config="true" signature="afterMethod()[pri:0, instance:org.tyss.flipkart_mobileApplication.AddToCartMobileApp@29d80d2b]" started-at="2022-09-19T11:32:02 IST" name="afterMethod" finished-at="2022-09-19T11:32:02 IST" duration-ms="1" status="PASS">
          <reporter-output>
          </reporter-output>
        </test-method> <!-- afterMethod -->
        <test-method is-config="true" signature="afterclassMethod()[pri:0, instance:org.tyss.flipkart_mobileApplication.AddToCartMobileApp@29d80d2b]" started-at="2022-09-19T11:32:02 IST" name="afterclassMethod" finished-at="2022-09-19T11:32:02 IST" duration-ms="0" status="PASS">
          <reporter-output>
          </reporter-output>
        </test-method> <!-- afterclassMethod -->
        <test-method is-config="true" signature="afterTestMethod()[pri:0, instance:org.tyss.flipkart_mobileApplication.AddToCartMobileApp@29d80d2b]" started-at="2022-09-19T11:32:02 IST" name="afterTestMethod" finished-at="2022-09-19T11:32:02 IST" duration-ms="1" status="PASS">
          <reporter-output>
          </reporter-output>
        </test-method> <!-- afterTestMethod -->
        <test-method is-config="true" signature="afterSuiteMethod()[pri:0, instance:org.tyss.flipkart_mobileApplication.AddToCartMobileApp@29d80d2b]" started-at="2022-09-19T11:32:02 IST" name="afterSuiteMethod" finished-at="2022-09-19T11:32:02 IST" duration-ms="1" status="PASS">
          <reporter-output>
          </reporter-output>
        </test-method> <!-- afterSuiteMethod -->
      </class> <!-- org.tyss.flipkart_mobileApplication.AddToCartMobileApp -->
    </test> <!-- Default test -->
  </suite> <!-- Default suite -->
</testng-results>
