<?xml version="1.0" encoding="UTF-8"?>
<testng-results ignored="0" total="1" passed="1" failed="0" skipped="0">
  <reporter-output>
  </reporter-output>
  <suite started-at="2022-09-19T13:08:49 IST" name="Default suite" finished-at="2022-09-19T13:09:05 IST" duration-ms="16189">
    <groups>
    </groups>
    <test started-at="2022-09-19T13:08:49 IST" name="Default test" finished-at="2022-09-19T13:09:05 IST" duration-ms="16189">
      <class name="SriMandir_project">
        <test-method is-config="true" signature="beforeClassMethod()[pri:0, instance:SriMandir_project@79207381]" started-at="2022-09-19T13:08:49 IST" name="beforeClassMethod" finished-at="2022-09-19T13:08:49 IST" duration-ms="21" status="PASS">
          <reporter-output>
          </reporter-output>
        </test-method> <!-- beforeClassMethod -->
        <test-method is-config="true" signature="beforeMethod()[pri:0, instance:SriMandir_project@79207381]" started-at="2022-09-19T13:08:49 IST" name="beforeMethod" finished-at="2022-09-19T13:09:05 IST" duration-ms="16100" status="PASS">
          <reporter-output>
          </reporter-output>
        </test-method> <!-- beforeMethod -->
        <test-method signature="sriMandir_project()[pri:0, instance:SriMandir_project@79207381]" started-at="2022-09-19T13:09:05 IST" name="sriMandir_project" finished-at="2022-09-19T13:09:05 IST" duration-ms="7" status="PASS">
          <reporter-output>
          </reporter-output>
        </test-method> <!-- sriMandir_project -->
      </class> <!-- SriMandir_project -->
    </test> <!-- Default test -->
  </suite> <!-- Default suite -->
</testng-results>
