<?xml version="1.0" encoding="UTF-8"?>
<testng-results ignored="0" total="1" passed="1" failed="0" skipped="0">
  <reporter-output>
  </reporter-output>
  <suite started-at="2022-09-12T16:10:37 IST" name="Default suite" finished-at="2022-09-12T16:11:06 IST" duration-ms="28531">
    <groups>
    </groups>
    <test started-at="2022-09-12T16:10:37 IST" name="Default test" finished-at="2022-09-12T16:11:06 IST" duration-ms="28531">
      <class name="EndToEndScenario">
        <test-method is-config="true" signature="beforeSuitMethod()[pri:0, instance:EndToEndScenario@210ab13f]" started-at="2022-09-12T16:10:37 IST" name="beforeSuitMethod" finished-at="2022-09-12T16:10:37 IST" duration-ms="15" status="PASS">
          <reporter-output>
          </reporter-output>
        </test-method> <!-- beforeSuitMethod -->
        <test-method is-config="true" signature="beforeTestMethod()[pri:0, instance:EndToEndScenario@210ab13f]" started-at="2022-09-12T16:10:37 IST" name="beforeTestMethod" finished-at="2022-09-12T16:10:37 IST" duration-ms="1" status="PASS">
          <reporter-output>
          </reporter-output>
        </test-method> <!-- beforeTestMethod -->
        <test-method is-config="true" signature="beforeClassMethod()[pri:0, instance:EndToEndScenario@210ab13f]" started-at="2022-09-12T16:10:37 IST" name="beforeClassMethod" finished-at="2022-09-12T16:10:37 IST" duration-ms="2" status="PASS">
          <reporter-output>
          </reporter-output>
        </test-method> <!-- beforeClassMethod -->
        <test-method is-config="true" signature="beforeMethod()[pri:0, instance:EndToEndScenario@210ab13f]" started-at="2022-09-12T16:10:37 IST" name="beforeMethod" finished-at="2022-09-12T16:10:54 IST" duration-ms="16768" status="PASS">
          <reporter-output>
          </reporter-output>
        </test-method> <!-- beforeMethod -->
        <test-method signature="endToEndScenario()[pri:0, instance:EndToEndScenario@210ab13f]" started-at="2022-09-12T16:10:54 IST" name="endToEndScenario" finished-at="2022-09-12T16:11:06 IST" duration-ms="11707" status="PASS">
          <reporter-output>
          </reporter-output>
        </test-method> <!-- endToEndScenario -->
        <test-method is-config="true" signature="afterMethod()[pri:0, instance:EndToEndScenario@210ab13f]" started-at="2022-09-12T16:11:06 IST" name="afterMethod" finished-at="2022-09-12T16:11:06 IST" duration-ms="0" status="PASS">
          <reporter-output>
          </reporter-output>
        </test-method> <!-- afterMethod -->
        <test-method is-config="true" signature="afterclassMethod()[pri:0, instance:EndToEndScenario@210ab13f]" started-at="2022-09-12T16:11:06 IST" name="afterclassMethod" finished-at="2022-09-12T16:11:06 IST" duration-ms="0" status="PASS">
          <reporter-output>
          </reporter-output>
        </test-method> <!-- afterclassMethod -->
        <test-method is-config="true" signature="afterTestMethod()[pri:0, instance:EndToEndScenario@210ab13f]" started-at="2022-09-12T16:11:06 IST" name="afterTestMethod" finished-at="2022-09-12T16:11:06 IST" duration-ms="0" status="PASS">
          <reporter-output>
          </reporter-output>
        </test-method> <!-- afterTestMethod -->
        <test-method is-config="true" signature="afterSuiteMethod()[pri:0, instance:EndToEndScenario@210ab13f]" started-at="2022-09-12T16:11:06 IST" name="afterSuiteMethod" finished-at="2022-09-12T16:11:06 IST" duration-ms="0" status="PASS">
          <reporter-output>
          </reporter-output>
        </test-method> <!-- afterSuiteMethod -->
      </class> <!-- EndToEndScenario -->
    </test> <!-- Default test -->
  </suite> <!-- Default suite -->
</testng-results>
