<?xml version="1.0" encoding="UTF-8"?>
<!-- Generated by org.testng.reporters.JUnitXMLReporter -->
<testsuite hostname="LAPTOP-CED8IJSV" name="Command line test" tests="4" failures="0" timestamp="20 Jul 2022 18:23:04 GMT" time="0.052" errors="0">
  <testcase name="fourthMethod" time="0.002" classname="org.sample_maven.practice.ScriptFourTest"/>
  <testcase name="firstMethod" time="0.0" classname="org.sample_maven.practice.ScriptOneTest"/>
  <testcase name="thirdMethod" time="0.0" classname="org.sample_maven.practice.ScriptThreeTest"/>
  <testcase name="secondMethod" time="0.0" classname="org.sample_maven.practice.ScriptTwoTest"/>
</testsuite> <!-- Command line test -->
