<?xml version="1.0" encoding="UTF-8"?>
<testng-results ignored="0" total="1" passed="1" failed="0" skipped="0">
  <reporter-output>
  </reporter-output>
  <suite started-at="2022-09-15T07:47:42 IST" name="Default suite" finished-at="2022-09-15T07:47:42 IST" duration-ms="88">
    <groups>
    </groups>
    <test started-at="2022-09-15T07:47:42 IST" name="Default test" finished-at="2022-09-15T07:47:42 IST" duration-ms="88">
      <class name="stringPrograms.StringArrayFindingVowelSecondRemoveDuplicate">
        <test-method signature="stringArrayFindingVowelSecondRemoveDuplicate()[pri:0, instance:stringPrograms.StringArrayFindingVowelSecondRemoveDuplicate@304bb45b]" started-at="2022-09-15T07:47:42 IST" name="stringArrayFindingVowelSecondRemoveDuplicate" finished-at="2022-09-15T07:47:42 IST" duration-ms="13" status="PASS">
          <reporter-output>
          </reporter-output>
        </test-method> <!-- stringArrayFindingVowelSecondRemoveDuplicate -->
      </class> <!-- stringPrograms.StringArrayFindingVowelSecondRemoveDuplicate -->
    </test> <!-- Default test -->
  </suite> <!-- Default suite -->
</testng-results>
