<?xml version="1.0" encoding="UTF-8"?>
<!-- Generated by org.testng.reporters.JUnitXMLReporter -->
<testsuite hostname="LAPTOP-CED8IJSV" name="Test" tests="3" failures="0" timestamp="20 Jul 2022 18:30:22 GMT" time="0.033" errors="0">
  <testcase name="firstMethod" time="0.003" classname="org.sample_maven.practice.ScriptOneTest"/>
  <testcase name="secondMethod" time="0.0" classname="org.sample_maven.practice.ScriptTwoTest"/>
  <testcase name="thirdMethod" time="0.0" classname="org.sample_maven.practice.ScriptThreeTest"/>
</testsuite> <!-- Test -->
