<?xml version="1.0" encoding="UTF-8"?>
<!-- Generated by org.testng.reporters.JUnitXMLReporter -->
<testsuite ignored="0" hostname="LAPTOP-CED8IJSV" failures="0" tests="1" name="Test2" time="0.024" errors="0" timestamp="2022-07-28T00:38:58 IST">
  <testcase classname="org.tyss.generic.BassClass" name="@BeforeMethod beforeMethod" time="0.002">
    <failure type="java.lang.NullPointerException" message="Cannot invoke &amp;quot;String.equals(Object)&amp;quot; because &amp;quot;this.browser&amp;quot; is null">
      <![CDATA[java.lang.NullPointerException: Cannot invoke "String.equals(Object)" because "this.browser" is null
at org.tyss.generic.BassClass.beforeMethod(BassClass.java:74)
at java.base/java.util.ArrayList.forEach(ArrayList.java:1511)
... Removed 31 stack frames]]>
    </failure>
  </testcase> <!-- @BeforeMethod beforeMethod -->
  <testcase classname="org.tyss.generic.BassClass" name="@AfterMethod aftermethod" time="0.0">
    <skipped/>
  </testcase> <!-- @AfterMethod aftermethod -->
  <testcase classname="org.tyss.generic.BassClass" name="@AfterClass afterClassMethod" time="0.0">
    <skipped/>
  </testcase> <!-- @AfterClass afterClassMethod -->
  <testcase classname="org.vtiger.campaing.CreateCampaingWithProductTest" name="createCampaingWithProductTest" time="0.0">
    <skipped/>
  </testcase> <!-- createCampaingWithProductTest -->
</testsuite> <!-- Test2 -->
