<?xml version="1.0" encoding="UTF-8"?>
<!-- Generated by org.testng.reporters.JUnitXMLReporter -->
<testsuite ignored="2" hostname="LAPTOP-CED8IJSV" failures="0" tests="2" name="Test1" time="41.088" errors="0" timestamp="2022-07-27T15:12:16 IST">
  <testcase classname="org.vtiger.Contact.CreateContactWithOrganizationTest" name="reateContactWithOrganizationTest" time="19.125"/>
  <testcase classname="org.vtiger.Contact.CreateContactTest" name="createContactTest" time="8.505"/>
  <testcase classname="org.tyss.generic.BassClass" name="@BeforeSuite beforeSuiteMethod" time="0.0">
    <ignored/>
  </testcase> <!-- @BeforeSuite beforeSuiteMethod -->
  <testcase classname="org.tyss.generic.BassClass" name="@AfterSuite afterSuiteMethod" time="0.0">
    <ignored/>
  </testcase> <!-- @AfterSuite afterSuiteMethod -->
</testsuite> <!-- Test1 -->
