<?xml version="1.0" encoding="UTF-8"?>
<testng-results ignored="0" total="1" passed="1" failed="0" skipped="0">
  <reporter-output>
  </reporter-output>
  <suite started-at="2022-08-25T14:36:42 IST" name="Default suite" finished-at="2022-08-25T14:36:53 IST" duration-ms="10953">
    <groups>
    </groups>
    <test started-at="2022-08-25T14:36:42 IST" name="Default test" finished-at="2022-08-25T14:36:53 IST" duration-ms="10953">
      <class name="org.vtiger.Practise.FeboniciiRange">
        <test-method signature="feboniciiRange()[pri:0, instance:org.vtiger.Practise.FeboniciiRange@d771cc9]" started-at="2022-08-25T14:36:42 IST" name="feboniciiRange" finished-at="2022-08-25T14:36:53 IST" duration-ms="10826" status="PASS">
          <reporter-output>
          </reporter-output>
        </test-method> <!-- feboniciiRange -->
      </class> <!-- org.vtiger.Practise.FeboniciiRange -->
    </test> <!-- Default test -->
  </suite> <!-- Default suite -->
</testng-results>
