<?xml version="1.0" encoding="UTF-8"?>
<testng-results total="1" passed="1" failed="0" skipped="0">
  <reporter-output>
  </reporter-output>
  <suite started-at="2022-07-20T18:09:50Z" name="Default suite" finished-at="2022-07-20T18:09:50Z" duration-ms="35">
    <groups>
    </groups>
    <test started-at="2022-07-20T18:09:50Z" name="Default test" finished-at="2022-07-20T18:09:50Z" duration-ms="35">
      <class name="org.sample_maven.practice.ScriptFourTest">
        <test-method signature="fourthMethod()[pri:0, instance:org.sample_maven.practice.ScriptFourTest@82ea68c]" started-at="2022-07-20T23:39:50Z" name="fourthMethod" finished-at="2022-07-20T23:39:50Z" duration-ms="15" status="PASS">
          <reporter-output>
          </reporter-output>
        </test-method> <!-- fourthMethod -->
      </class> <!-- org.sample_maven.practice.ScriptFourTest -->
    </test> <!-- Default test -->
  </suite> <!-- Default suite -->
</testng-results>
