<?xml version="1.0" encoding="UTF-8"?>
<!-- Generated by org.testng.reporters.JUnitXMLReporter -->
<testsuite hostname="LAPTOP-CED8IJSV" name="Command line test" tests="6" failures="0" timestamp="19 Jul 2022 05:17:59 GMT" time="0.029" errors="0">
  <testcase name="practiceMaven2Test" time="0.011" classname="org.maven_examplepractice.practice.PracticeMaven2Test"/>
  <testcase name="practiceMaven3Test" time="0.0" classname="org.maven_examplepractice.practice.PracticeMaven2Test"/>
  <testcase name="practiceMavenTest" time="0.0" classname="org.maven_examplepractice.practice.PracticeMaven2Test"/>
  <testcase name="practiceMaven2Test" time="0.0" classname="org.maven_examplepractice.practice.PracticeMavenTest"/>
  <testcase name="practiceMaven3Test" time="0.0" classname="org.maven_examplepractice.practice.PracticeMavenTest"/>
  <testcase name="practiceMavenTest" time="0.0" classname="org.maven_examplepractice.practice.PracticeMavenTest"/>
</testsuite> <!-- Command line test -->
