<?xml version="1.0" encoding="UTF-8"?>
<testng-results skipped="0" failed="0" total="3" passed="3">
  <reporter-output>
  </reporter-output>
  <suite name="Suite" duration-ms="33" started-at="2022-07-20T18:30:22Z" finished-at="2022-07-20T18:30:22Z">
    <groups>
    </groups>
    <test name="Test" duration-ms="33" started-at="2022-07-20T18:30:22Z" finished-at="2022-07-20T18:30:22Z">
      <class name="org.sample_maven.practice.ScriptOneTest">
        <test-method status="PASS" signature="firstMethod()[pri:0, instance:org.sample_maven.practice.ScriptOneTest@11a9e7c8]" name="firstMethod" duration-ms="3" started-at="2022-07-21T00:00:22Z" finished-at="2022-07-21T00:00:22Z">
          <reporter-output>
          </reporter-output>
        </test-method> <!-- firstMethod -->
      </class> <!-- org.sample_maven.practice.ScriptOneTest -->
      <class name="org.sample_maven.practice.ScriptThreeTest">
        <test-method status="PASS" signature="thirdMethod()[pri:0, instance:org.sample_maven.practice.ScriptThreeTest@4c1d9d4b]" name="thirdMethod" duration-ms="0" started-at="2022-07-21T00:00:22Z" finished-at="2022-07-21T00:00:22Z">
          <reporter-output>
          </reporter-output>
        </test-method> <!-- thirdMethod -->
      </class> <!-- org.sample_maven.practice.ScriptThreeTest -->
      <class name="org.sample_maven.practice.ScriptTwoTest">
        <test-method status="PASS" signature="secondMethod()[pri:0, instance:org.sample_maven.practice.ScriptTwoTest@12d4bf7e]" name="secondMethod" duration-ms="0" started-at="2022-07-21T00:00:22Z" finished-at="2022-07-21T00:00:22Z">
          <reporter-output>
          </reporter-output>
        </test-method> <!-- secondMethod -->
      </class> <!-- org.sample_maven.practice.ScriptTwoTest -->
    </test> <!-- Test -->
  </suite> <!-- Suite -->
</testng-results>
