<?xml version="1.0" encoding="UTF-8"?>
<testng-results skipped="0" failed="0" total="3" passed="3">
  <reporter-output>
  </reporter-output>
  <suite name="org.maven_examplepractice.practice.PracticeMavenTest" duration-ms="42" started-at="2022-07-19T05:28:03Z" finished-at="2022-07-19T05:28:03Z">
    <groups>
    </groups>
    <test name="Command line test" duration-ms="42" started-at="2022-07-19T05:28:03Z" finished-at="2022-07-19T05:28:03Z">
      <class name="org.maven_examplepractice.practice.PracticeMavenTest">
        <test-method status="PASS" signature="practiceMaven2Test()[pri:0, instance:org.maven_examplepractice.practice.PracticeMavenTest@47f6473]" name="practiceMaven2Test" duration-ms="16" started-at="2022-07-19T10:58:03Z" finished-at="2022-07-19T10:58:03Z">
          <reporter-output>
          </reporter-output>
        </test-method> <!-- practiceMaven2Test -->
        <test-method status="PASS" signature="practiceMaven3Test()[pri:0, instance:org.maven_examplepractice.practice.PracticeMavenTest@47f6473]" name="practiceMaven3Test" duration-ms="1" started-at="2022-07-19T10:58:03Z" finished-at="2022-07-19T10:58:03Z">
          <reporter-output>
          </reporter-output>
        </test-method> <!-- practiceMaven3Test -->
        <test-method status="PASS" signature="practiceMavenTest()[pri:0, instance:org.maven_examplepractice.practice.PracticeMavenTest@47f6473]" name="practiceMavenTest" duration-ms="1" started-at="2022-07-19T10:58:03Z" finished-at="2022-07-19T10:58:03Z">
          <reporter-output>
          </reporter-output>
        </test-method> <!-- practiceMavenTest -->
      </class> <!-- org.maven_examplepractice.practice.PracticeMavenTest -->
    </test> <!-- Command line test -->
  </suite> <!-- org.maven_examplepractice.practice.PracticeMavenTest -->
</testng-results>
