<?xml version="1.0" encoding="UTF-8"?>
<!-- Generated by org.testng.reporters.JUnitXMLReporter -->
<testsuite hostname="LAPTOP-CED8IJSV" name="Command line test" tests="3" failures="0" timestamp="19 Jul 2022 05:28:03 GMT" time="0.042" errors="0">
  <testcase name="practiceMaven2Test" time="0.016" classname="org.maven_examplepractice.practice.PracticeMavenTest"/>
  <testcase name="practiceMaven3Test" time="0.001" classname="org.maven_examplepractice.practice.PracticeMavenTest"/>
  <testcase name="practiceMavenTest" time="0.001" classname="org.maven_examplepractice.practice.PracticeMavenTest"/>
</testsuite> <!-- Command line test -->
